{
  "stats": {
    "suites": 4,
    "tests": 4,
    "passes": 4,
    "pending": 0,
    "failures": 0,
    "start": "2021-11-08T11:32:42.828Z",
    "end": "2021-11-08T11:32:57.775Z",
    "duration": 5215,
    "testsRegistered": 4,
    "passPercent": 100,
    "pendingPercent": 0,
    "other": 0,
    "hasOther": false,
    "skipped": 0,
    "hasSkipped": false
  },
  "results": [
    {
      "uuid": "63ffdc20-22e3-460a-bca6-1512716b2ca9",
      "title": "",
      "fullFile": "cypress/integration/dashboard_test.js",
      "file": "cypress/integration/dashboard_test.js",
      "beforeHooks": [],
      "afterHooks": [],
      "tests": [],
      "suites": [
        {
          "uuid": "d4686c1b-1f1d-4de7-b4d5-9ae4b29c1501",
          "title": "Check login with correct username and password",
          "fullFile": "",
          "file": "",
          "beforeHooks": [],
          "afterHooks": [],
          "tests": [
            {
              "title": "Try login",
              "fullTitle": "Check login with correct username and password Try login",
              "timedOut": null,
              "duration": 2823,
              "state": "passed",
              "speed": "fast",
              "pass": true,
              "fail": false,
              "pending": false,
              "context": null,
              "code": "cy.visit(\"/login\"); // Type admin as username\ncy.get(\"[type='text']\").type(\"admin\"); // Type admin as password\ncy.get(\"[type='password']\").type(\"admin\"); // Click LOG IN\ncy.contains('LOG IN').click({\n  force: true\n}).then(() => {\n  // Check if router app redirected to dashboard page\n  cy.url().should('include', '/dashboard');\n}); // Check if logo is in dashboard\ncy.get('img').should('have.attr', 'src').should('include', 'slidedeck'); // Check if has all the components\ncy.contains('Home');\ncy.contains('Enter Data');\ncy.contains('Manage Logs');\ncy.contains('Manage Templates');\ncy.contains('Reports');\ncy.contains('Developer Area'); // Navigate the dashboard\ncy.get('button').contains(\"Enter Data\").click({\n  force: true\n}).then(() => {\n  cy.url().should('include', '/new');\n});\ncy.get('button').contains(\"Home\").click({\n  force: true\n}).then(() => {\n  cy.url().should('include', '/home');\n});\ncy.get('button').contains(\"Manage Logs\").click({\n  force: true\n}).then(() => {\n  cy.url().should('include', '/logs');\n  cy.contains('List').click().then(() => {\n    cy.contains('testing testing hello world').should('be.visible');\n    cy.contains('lorem ipsum Dolor').should('be.visible');\n    cy.contains('Sit amet').should('be.visible');\n  });\n  cy.contains('Icons').click().then(() => {\n    cy.contains('testing testing hello world').should('be.visible');\n    cy.contains('lorem ipsum Dolor').should('be.visible');\n    cy.contains('Sit amet').should('be.visible');\n  });\n});\ncy.get('button').contains(\"Manage Templates\").click({\n  force: true\n}).then(() => {\n  cy.url().should('include', '/templates');\n});\ncy.get('button').contains(\"Reports\").click({\n  force: true\n}).then(() => {\n  cy.url().should('include', '/reports');\n});\ncy.get('button').contains(\"Developer Area\").click({\n  force: true\n}).then(() => {\n  cy.url().should('include', '/dev');\n  cy.contains('Default Dark').click().then(() => {\n    cy.get('body').should('have.css', 'background-color', 'rgb(31, 41, 55)');\n  });\n  cy.contains('Default Light').click().then(() => {\n    cy.get('body').should('have.css', 'background-color', 'rgb(255, 255, 255)');\n  });\n});",
              "err": {},
              "uuid": "1a608b99-0b1f-489c-b623-e8e4e5f0f529",
              "parentUUID": "d4686c1b-1f1d-4de7-b4d5-9ae4b29c1501",
              "isHook": false,
              "skipped": false
            }
          ],
          "suites": [],
          "passes": [
            "1a608b99-0b1f-489c-b623-e8e4e5f0f529"
          ],
          "failures": [],
          "pending": [],
          "skipped": [],
          "duration": 2823,
          "root": false,
          "rootEmpty": false,
          "_timeout": 2000
        }
      ],
      "passes": [],
      "failures": [],
      "pending": [],
      "skipped": [],
      "duration": 0,
      "root": true,
      "rootEmpty": true,
      "_timeout": 2000
    },
    {
      "uuid": "f7a00e19-8ccd-4f73-ae1f-d2568fb9482c",
      "title": "",
      "fullFile": "cypress/integration/login_test_components.js",
      "file": "cypress/integration/login_test_components.js",
      "beforeHooks": [],
      "afterHooks": [],
      "tests": [],
      "suites": [
        {
          "uuid": "dc46d4bf-edc7-4885-89dc-920ca92ffd2c",
          "title": "Visit the app login page and make sure is contains all the needed components",
          "fullFile": "",
          "file": "",
          "beforeHooks": [],
          "afterHooks": [],
          "tests": [
            {
              "title": "Check login page content",
              "fullTitle": "Visit the app login page and make sure is contains all the needed components Check login page content",
              "timedOut": null,
              "duration": 393,
              "state": "passed",
              "speed": "fast",
              "pass": true,
              "fail": false,
              "pending": false,
              "context": null,
              "code": "// Go to login Page\ncy.visit(\"/login\"); // Check it contains username, password, login button and forgot password\ncy.get(\"[type='text']\").should('be.visible');\ncy.get(\"[type='password']\").should('be.visible');\ncy.get(\"button\").contains(\"LOG IN\").should('be.visible');\ncy.contains(\"Forgot Password?\").should('be.visible'); // Check if url includes login path\ncy.url().should('include', '/login');",
              "err": {},
              "uuid": "15783867-4ad9-4bde-a119-0e29793810ef",
              "parentUUID": "dc46d4bf-edc7-4885-89dc-920ca92ffd2c",
              "isHook": false,
              "skipped": false
            }
          ],
          "suites": [],
          "passes": [
            "15783867-4ad9-4bde-a119-0e29793810ef"
          ],
          "failures": [],
          "pending": [],
          "skipped": [],
          "duration": 393,
          "root": false,
          "rootEmpty": false,
          "_timeout": 2000
        }
      ],
      "passes": [],
      "failures": [],
      "pending": [],
      "skipped": [],
      "duration": 0,
      "root": true,
      "rootEmpty": true,
      "_timeout": 2000
    },
    {
      "uuid": "eedea8ff-0e61-40ee-95e2-99b7a21d5a26",
      "title": "",
      "fullFile": "cypress/integration/login_test_correct_credentials.js",
      "file": "cypress/integration/login_test_correct_credentials.js",
      "beforeHooks": [],
      "afterHooks": [],
      "tests": [],
      "suites": [
        {
          "uuid": "5c6fac0f-fdd8-495e-bd20-6101f369546e",
          "title": "Check login with correct username and password",
          "fullFile": "",
          "file": "",
          "beforeHooks": [],
          "afterHooks": [],
          "tests": [
            {
              "title": "Try login",
              "fullTitle": "Check login with correct username and password Try login",
              "timedOut": null,
              "duration": 1039,
              "state": "passed",
              "speed": "fast",
              "pass": true,
              "fail": false,
              "pending": false,
              "context": null,
              "code": "cy.visit(\"/login\"); // Type admin as username\ncy.get(\"[type='text']\").type(\"admin\"); // Type admin as password\ncy.get(\"[type='password']\").type(\"admin\"); // Click LOG IN\ncy.contains('LOG IN').click().then(() => {\n  // Check if router app redirected to dashboard page\n  cy.url().should('include', '/dashboard');\n});",
              "err": {},
              "uuid": "f3a56192-c8fc-46c8-8fb7-47930f6ef97a",
              "parentUUID": "5c6fac0f-fdd8-495e-bd20-6101f369546e",
              "isHook": false,
              "skipped": false
            }
          ],
          "suites": [],
          "passes": [
            "f3a56192-c8fc-46c8-8fb7-47930f6ef97a"
          ],
          "failures": [],
          "pending": [],
          "skipped": [],
          "duration": 1039,
          "root": false,
          "rootEmpty": false,
          "_timeout": 2000
        }
      ],
      "passes": [],
      "failures": [],
      "pending": [],
      "skipped": [],
      "duration": 0,
      "root": true,
      "rootEmpty": true,
      "_timeout": 2000
    },
    {
      "uuid": "0621f507-da69-46b1-80cb-1b00bdb2fdfb",
      "title": "",
      "fullFile": "cypress/integration/login_test_incorrect_credentials.js",
      "file": "cypress/integration/login_test_incorrect_credentials.js",
      "beforeHooks": [],
      "afterHooks": [],
      "tests": [],
      "suites": [
        {
          "uuid": "f2032ba3-604e-4c7f-bad9-96b55dd27c22",
          "title": "Check login with incorrect username and password",
          "fullFile": "",
          "file": "",
          "beforeHooks": [],
          "afterHooks": [],
          "tests": [
            {
              "title": "Try login",
              "fullTitle": "Check login with incorrect username and password Try login",
              "timedOut": null,
              "duration": 960,
              "state": "passed",
              "speed": "fast",
              "pass": true,
              "fail": false,
              "pending": false,
              "context": null,
              "code": "cy.visit(\"/login\"); // Type admin as username\ncy.get(\"[type='text']\").type(\"lololol\"); // Type admin as password\ncy.get(\"[type='password']\").type(\"lololol\"); // Click LOG IN\ncy.contains('LOG IN').click().then(() => {\n  // Check if router app redirected to dashboard page\n  cy.url().should('include', '/login');\n  cy.contains(\"Invalid username/password. Please try again.\").should('be.visible');\n});",
              "err": {},
              "uuid": "4d5a75d3-e53f-47e4-a1ff-d64a8fc7f153",
              "parentUUID": "f2032ba3-604e-4c7f-bad9-96b55dd27c22",
              "isHook": false,
              "skipped": false
            }
          ],
          "suites": [],
          "passes": [
            "4d5a75d3-e53f-47e4-a1ff-d64a8fc7f153"
          ],
          "failures": [],
          "pending": [],
          "skipped": [],
          "duration": 960,
          "root": false,
          "rootEmpty": false,
          "_timeout": 2000
        }
      ],
      "passes": [],
      "failures": [],
      "pending": [],
      "skipped": [],
      "duration": 0,
      "root": true,
      "rootEmpty": true,
      "_timeout": 2000
    }
  ],
  "meta": {
    "mocha": {
      "version": "7.0.1"
    },
    "mochawesome": {
      "options": {
        "quiet": false,
        "reportFilename": "mochawesome",
        "saveHtml": false,
        "saveJson": true,
        "consoleReporter": "spec",
        "useInlineDiffs": false,
        "code": true
      },
      "version": "7.0.1"
    },
    "marge": {
      "options": {
        "charts": true,
        "overwrite": false,
        "html": false,
        "json": true,
        "reportDir": "cypress/report/mochawesome-report"
      },
      "version": "6.0.1"
    }
  }
}